0 info it worked if it ends with ok
1 verbose cli [ '/usr/local/bin/node', '/usr/local/bin/npm', 'start' ]
2 info using npm@4.1.2
3 info using node@v7.6.0
4 verbose stack Error: ENFILE: file table overflow, open '/usr/local/lib/node_modules/npm/node_modules/read-package-json/node_modules/glob/node_modules/path-is-absolute/index.js'
4 verbose stack     at Object.fs.openSync (fs.js:582:18)
4 verbose stack     at Object.fs.readFileSync (fs.js:489:33)
4 verbose stack     at Object.Module._extensions..js (module.js:579:20)
4 verbose stack     at Module.load (module.js:488:32)
4 verbose stack     at tryModuleLoad (module.js:447:12)
4 verbose stack     at Function.Module._load (module.js:439:3)
4 verbose stack     at Module.require (module.js:498:17)
4 verbose stack     at require (internal/module.js:20:19)
4 verbose stack     at Object.<anonymous> (/usr/local/lib/node_modules/npm/node_modules/read-package-json/node_modules/glob/glob.js:50:18)
4 verbose stack     at Module._compile (module.js:571:32)
5 verbose cwd /Library/WebServer/Documents/ED-stream-correlation/3-visualize
6 error Darwin 16.7.0
7 error argv "/usr/local/bin/node" "/usr/local/bin/npm" "start"
8 error node v7.6.0
9 error npm  v4.1.2
10 error path /usr/local/lib/node_modules/npm/node_modules/read-package-json/node_modules/glob/node_modules/path-is-absolute/index.js
11 error code ENFILE
12 error errno -23
13 error syscall open
14 error ENFILE: file table overflow, open '/usr/local/lib/node_modules/npm/node_modules/read-package-json/node_modules/glob/node_modules/path-is-absolute/index.js'
15 error If you need help, you may report this error at:
15 error     <https://github.com/npm/npm/issues>
16 verbose exit [ -23, true ]
